Server started at port 42001
POST response: 200, {"status": "success"}
POST request: path=/mem, body={"name": "status", "value": "running:100"}
POST request: path=/mem, body={"name": "status", "value": "idle:100"}
Advanced mode is enabled
Successfully retrieved data from robot: {'frame': [-809.075, -11.325, -100.975, -0.18, -0.003, 91.08], 'tool': [-139.39, 64.585, 199.93, -169.95, 0.288, -115.89], 'pose': [190.273, -151.483, 831.108, 11.622, -15.506, -94.226], 'camera_tool': [78.21, 73.4, 50.54, 15.29, -0.46, 150.04], 'x_boundary_range': [-565, 565], 'y_boundary_range': [-340, 345], 'z_boundary_range': [-40, 50]}
origin: [466.4293  162.03645 972.8665 ]
camera_target_pairs:
[[370.897  -4.388 973.5   180.      0.      0.   ]
 [370.897 336.672 973.5   180.      0.      0.   ]]
[[389.367  -6.507 971.7   180.      0.      0.   ]
 [391.571 342.231 977.2   180.      0.      0.   ]]
[[409.532  -6.523 974.1   180.      0.      0.   ]
 [410.247 341.741 975.8   180.      0.      0.   ]]
[[427.458  -6.504 971.2   180.      0.      0.   ]
 [428.955 337.052 974.6   180.      0.      0.   ]]
[[445.869  -6.493 969.6   180.      0.      0.   ]
 [448.766 313.996 975.9   180.      0.      0.   ]]
[[464.743  -6.49  969.1   180.      0.      0.   ]
 [465.654 306.041 971.    180.      0.      0.   ]]
[[485.645  -6.514 972.7   180.      0.      0.   ]
 [481.151 310.071 963.7   180.      0.      0.   ]]
[[505.962  -6.529 974.9   180.      0.      0.   ]
 [505.962 337.156 974.9   180.      0.      0.   ]]
[[524.157  -6.516 973.    180.      0.      0.   ]
 [528.682 337.255 981.4   180.      0.      0.   ]]
[[547.527  -6.566 980.5   180.      0.      0.   ]
 [546.186 336.121 978.1   180.      0.      0.   ]]
[[564.312  -6.537 976.1   180.      0.      0.   ]
 [567.665 337.427 981.9   180.      0.      0.   ]]

robot_target_pairs:
[[ 375.849    4.095  -30.393    0.       0.       0.   ]
 [ 375.85  -336.965  -30.391    0.       0.       0.   ]]
[[ 394.32     6.214  -28.593    0.       0.       0.   ]
 [ 396.524 -342.524  -34.091    0.       0.       0.   ]]
[[ 414.484    6.23   -30.993    0.       0.       0.   ]
 [ 415.2   -342.034  -32.692    0.       0.       0.   ]]
[[ 432.411    6.211  -28.093    0.       0.       0.   ]
 [ 433.908 -337.345  -31.492    0.       0.       0.   ]]
[[ 450.822    6.2    -26.493    0.       0.       0.   ]
 [ 453.719 -314.289  -32.792    0.       0.       0.   ]]
[[ 469.696    6.197  -25.993    0.       0.       0.   ]
 [ 470.607 -306.334  -27.892    0.       0.       0.   ]]
[[ 490.597    6.221  -29.593    0.       0.       0.   ]
 [ 486.104 -310.364  -20.592    0.       0.       0.   ]]
[[ 510.914    6.236  -31.794    0.       0.       0.   ]
 [ 510.915 -337.449  -31.792    0.       0.       0.   ]]
[[ 529.109    6.223  -29.894    0.       0.       0.   ]
 [ 533.635 -337.548  -38.292    0.       0.       0.   ]]
[[ 552.479    6.273  -37.394    0.       0.       0.   ]
 [ 551.139 -336.414  -34.992    0.       0.       0.   ]]
[[ 569.264    6.244  -32.994    0.       0.       0.   ]
 [ 572.618 -337.72   -38.793    0.       0.       0.   ]]

valid_target_pairs:
[[ 375.849    4.095  -30.393    0.       0.       0.   ]
 [ 375.85  -336.965  -30.391    0.       0.       0.   ]]
[[ 432.411    6.211  -28.093    0.       0.       0.   ]
 [ 433.908 -337.345  -31.492    0.       0.       0.   ]]
[[ 450.822    6.2    -26.493    0.       0.       0.   ]
 [ 453.719 -314.289  -32.792    0.       0.       0.   ]]
[[ 469.696    6.197  -25.993    0.       0.       0.   ]
 [ 470.607 -306.334  -27.892    0.       0.       0.   ]]
[[ 490.597    6.221  -29.593    0.       0.       0.   ]
 [ 486.104 -310.364  -20.592    0.       0.       0.   ]]
[[ 510.914    6.236  -31.794    0.       0.       0.   ]
 [ 510.915 -337.449  -31.792    0.       0.       0.   ]]
[[ 529.109    6.223  -29.894    0.       0.       0.   ]
 [ 533.635 -337.548  -38.292    0.       0.       0.   ]]
[[ 552.479    6.273  -37.394    0.       0.       0.   ]
 [ 551.139 -336.414  -34.992    0.       0.       0.   ]]

tx_target_pairs: [[[375.849, 4.095, -30.393, 0.0, 0.0, 0.0], [375.85, -336.965, -30.391, 0.0, 0.0, 0.0]], [[432.411, 6.211, -28.093, 0.0, 0.0, 0.0], [433.908, -337.345, -31.492, 0.0, 0.0, 0.0]], [[450.822, 6.2, -26.493, 0.0, 0.0, 0.0], [453.719, -314.289, -32.792, 0.0, 0.0, 0.0]], [[469.696, 6.197, -25.993, 0.0, 0.0, 0.0], [470.607, -306.334, -27.892, 0.0, 0.0, 0.0]], [[490.597, 6.221, -29.593, 0.0, 0.0, 0.0], [486.104, -310.364, -20.592, 0.0, 0.0, 0.0]], [[510.914, 6.236, -31.794, 0.0, 0.0, 0.0], [510.915, -337.449, -31.792, 0.0, 0.0, 0.0]], [[529.109, 6.223, -29.894, 0.0, 0.0, 0.0], [533.635, -337.548, -38.292, 0.0, 0.0, 0.0]], [[552.479, 6.273, -37.394, 0.0, 0.0, 0.0], [551.139, -336.414, -34.992, 0.0, 0.0, 0.0]]]

Status Code: 200
Content-Type: application/json
Parsed JSON data: {'status': 'success'}
POST response: 200, {"status": "success"}
POST request: path=/mem, body={"name": "status", "value": "running:1"}
POST response: 200, {"status": "success"}
POST response: 200, {"status": "success"}
POST response: 200, {"status": "success"}
POST request: path=/mem, body={"name": "status", "value": "idle:1"}
POST request: path=/mem, body={"name": "status", "value": "idle"}
POST response: 200, {"status": "success"}
POST response: 200, {"status": "success"}
POST request: path=/mem, body={"name": "status", "value": "running:100"}
POST request: path=/mem, body={"name": "status", "value": "idle:100"}
Advanced mode is enabled
Successfully retrieved data from robot: {'frame': [-809.075, -11.325, -100.975, -0.18, -0.003, 91.08], 'tool': [-139.39, 64.585, 199.93, -169.95, 0.288, -115.89], 'pose': [190.273, -151.483, 831.108, 11.622, -15.506, -94.226], 'camera_tool': [78.21, 73.4, 50.54, 15.29, -0.46, 150.04], 'x_boundary_range': [-565, 565], 'y_boundary_range': [-340, 345], 'z_boundary_range': [-40, 50]}
origin: [462.27515 159.50284 965.5111 ]
camera_target_pairs:
[[367.202  -6.455 963.8   180.      0.      0.   ]
 [374.136 337.461 982.    180.      0.      0.   ]]
[[388.045  -8.606 968.4   180.      0.      0.   ]
 [389.968 338.699 973.2   180.      0.      0.   ]]
[[409.322  -8.652 973.6   180.      0.      0.   ]
 [409.28  338.803 973.5   180.      0.      0.   ]]
[[427.018  -8.622 970.2   180.      0.      0.   ]
 [429.659 335.468 976.2   180.      0.      0.   ]]
[[446.972  -8.638 972.    180.      0.      0.   ]
 [449.593 312.434 977.7   180.      0.      0.   ]]
[[468.052  -8.673 976.    180.      0.      0.   ]
 [468.052 305.48  976.    180.      0.      0.   ]]
[[485.046  -8.633 971.5   180.      0.      0.   ]
 [483.298 309.335 968.    180.      0.      0.   ]]
[[498.592  -8.537 960.7   180.      0.      0.   ]
 [505.339 334.609 973.7   180.      0.      0.   ]]
[[520.979  -8.594 967.1   180.      0.      0.   ]
 [524.965 332.75  974.5   180.      0.      0.   ]]
[[538.424  -6.457 964.2   180.      0.      0.   ]
 [541.496 333.234 969.7   180.      0.      0.   ]]
[[556.912  -6.451 963.3   180.      0.      0.   ]
 [567.203 337.152 981.1   180.      0.      0.   ]]

robot_target_pairs:
[[ 372.155    6.162  -20.693    0.       0.       0.   ]
 [ 379.089 -337.754  -38.891    0.       0.       0.   ]]
[[ 392.998    8.313  -25.293    0.       0.       0.   ]
 [ 394.921 -338.992  -30.091    0.       0.       0.   ]]
[[ 414.274    8.359  -30.493    0.       0.       0.   ]
 [ 414.233 -339.096  -30.392    0.       0.       0.   ]]
[[ 431.971    8.329  -27.093    0.       0.       0.   ]
 [ 434.612 -335.761  -33.092    0.       0.       0.   ]]
[[ 451.924    8.345  -28.893    0.       0.       0.   ]
 [ 454.546 -312.727  -34.592    0.       0.       0.   ]]
[[ 473.004    8.38   -32.893    0.       0.       0.   ]
 [ 473.005 -305.773  -32.892    0.       0.       0.   ]]
[[ 489.998    8.34   -28.393    0.       0.       0.   ]
 [ 488.251 -309.628  -24.892    0.       0.       0.   ]]
[[ 503.545    8.244  -17.593    0.       0.       0.   ]
 [ 510.292 -334.902  -30.592    0.       0.       0.   ]]
[[ 525.932    8.301  -23.994    0.       0.       0.   ]
 [ 529.918 -333.043  -31.392    0.       0.       0.   ]]
[[ 543.377    6.164  -21.094    0.       0.       0.   ]
 [ 546.449 -333.527  -26.592    0.       0.       0.   ]]
[[ 561.865    6.158  -20.194    0.       0.       0.   ]
 [ 572.156 -337.445  -37.993    0.       0.       0.   ]]

valid_target_pairs:
[[ 372.155    6.162  -20.693    0.       0.       0.   ]
 [ 379.089 -337.754  -38.891    0.       0.       0.   ]]
[[ 392.998    8.313  -25.293    0.       0.       0.   ]
 [ 394.921 -338.992  -30.091    0.       0.       0.   ]]
[[ 414.274    8.359  -30.493    0.       0.       0.   ]
 [ 414.233 -339.096  -30.392    0.       0.       0.   ]]
[[ 431.971    8.329  -27.093    0.       0.       0.   ]
 [ 434.612 -335.761  -33.092    0.       0.       0.   ]]
[[ 451.924    8.345  -28.893    0.       0.       0.   ]
 [ 454.546 -312.727  -34.592    0.       0.       0.   ]]
[[ 473.004    8.38   -32.893    0.       0.       0.   ]
 [ 473.005 -305.773  -32.892    0.       0.       0.   ]]
[[ 489.998    8.34   -28.393    0.       0.       0.   ]
 [ 488.251 -309.628  -24.892    0.       0.       0.   ]]
[[ 503.545    8.244  -17.593    0.       0.       0.   ]
 [ 510.292 -334.902  -30.592    0.       0.       0.   ]]
[[ 525.932    8.301  -23.994    0.       0.       0.   ]
 [ 529.918 -333.043  -31.392    0.       0.       0.   ]]
[[ 543.377    6.164  -21.094    0.       0.       0.   ]
 [ 546.449 -333.527  -26.592    0.       0.       0.   ]]

tx_target_pairs: [[[372.155, 6.162, -20.693, 0.0, 0.0, 0.0], [379.089, -337.754, -38.891, 0.0, 0.0, 0.0]], [[392.998, 8.313, -25.293, 0.0, 0.0, 0.0], [394.921, -338.992, -30.091, 0.0, 0.0, 0.0]], [[414.274, 8.359, -30.493, 0.0, 0.0, 0.0], [414.233, -339.096, -30.392, 0.0, 0.0, 0.0]], [[431.971, 8.329, -27.093, 0.0, 0.0, 0.0], [434.612, -335.761, -33.092, 0.0, 0.0, 0.0]], [[451.924, 8.345, -28.893, 0.0, 0.0, 0.0], [454.546, -312.727, -34.592, 0.0, 0.0, 0.0]], [[473.004, 8.38, -32.893, 0.0, 0.0, 0.0], [473.005, -305.773, -32.892, 0.0, 0.0, 0.0]], [[489.998, 8.34, -28.393, 0.0, 0.0, 0.0], [488.251, -309.628, -24.892, 0.0, 0.0, 0.0]], [[503.545, 8.244, -17.593, 0.0, 0.0, 0.0], [510.292, -334.902, -30.592, 0.0, 0.0, 0.0]], [[525.932, 8.301, -23.994, 0.0, 0.0, 0.0], [529.918, -333.043, -31.392, 0.0, 0.0, 0.0]], [[543.377, 6.164, -21.094, 0.0, 0.0, 0.0], [546.449, -333.527, -26.592, 0.0, 0.0, 0.0]]]

Status Code: 200
Content-Type: application/json
Parsed JSON data: {'status': 'success'}
POST response: 200, {"status": "success"}
POST request: path=/mem, body={"name": "status", "value": "running:1"}
POST response: 200, {"status": "success"}
POST response: 200, {"status": "success"}
POST request: path=/mem, body={"name": "status", "value": "idle:1"}
__shutdown_system
hi1
hi2
